Using pre-set license
Built from '2020.3/staging' branch; Version is '2020.3.25f1 (9b9180224418) revision 10195328'; Using compiler version '192528614'; Build Type 'Release'
OS: 'Windows 10  (10.0.19042) 64bit Professional' Language: 'tr' Physical Memory: 8036 MB
BatchMode: 1, IsHumanControllingUs: 0, StartBugReporterOnCrash: 0, Is64bit: 1, IsPro: 0

COMMAND LINE ARGUMENTS:
C:\Program Files\Unity\Hub\Editor\2020.3.25f1\Editor\Unity.exe
-adb2
-batchMode
-noUpm
-name
AssetImportWorker0
-projectPath
C:/Users/mehme/zindhu-career-jam-project
-logFile
Logs/AssetImportWorker0.log
-srvPort
51374
Successfully changed project path to: C:/Users/mehme/zindhu-career-jam-project
C:/Users/mehme/zindhu-career-jam-project
Using Asset Import Pipeline V2.
Refreshing native plugins compatible for Editor in 123.58 ms, found 5 plugins.
Preloading 0 native plugins for Editor in 0.00 ms.
Initialize engine version: 2020.3.25f1 (9b9180224418)
[Subsystems] Discovering subsystems at path C:/Program Files/Unity/Hub/Editor/2020.3.25f1/Editor/Data/Resources/UnitySubsystems
[Subsystems] Discovering subsystems at path C:/Users/mehme/zindhu-career-jam-project/Assets
GfxDevice: creating device client; threaded=0
Direct3D:
    Version:  Direct3D 11.0 [level 11.1]
    Renderer: NVIDIA GeForce MX250 (ID=0x1d13)
    Vendor:   
    VRAM:     1983 MB
    Driver:   30.0.14.7168
Initialize mono
Mono path[0] = 'C:/Program Files/Unity/Hub/Editor/2020.3.25f1/Editor/Data/Managed'
Mono path[1] = 'C:/Program Files/Unity/Hub/Editor/2020.3.25f1/Editor/Data/MonoBleedingEdge/lib/mono/unityjit'
Mono config path = 'C:/Program Files/Unity/Hub/Editor/2020.3.25f1/Editor/Data/MonoBleedingEdge/etc'
Using monoOptions --debugger-agent=transport=dt_socket,embedding=1,server=y,suspend=n,address=127.0.0.1:56196
Begin MonoManager ReloadAssembly
Registering precompiled unity dll's ...
Register platform support module: C:/Program Files/Unity/Hub/Editor/2020.3.25f1/Editor/Data/PlaybackEngines/WebGLSupport/UnityEditor.WebGL.Extensions.dll
Register platform support module: C:/Program Files/Unity/Hub/Editor/2020.3.25f1/Editor/Data/PlaybackEngines/WindowsStandaloneSupport/UnityEditor.WindowsStandalone.Extensions.dll
Registered in 0.002511 seconds.
Native extension for WindowsStandalone target not found
Native extension for WebGL target not found
Refreshing native plugins compatible for Editor in 116.99 ms, found 5 plugins.
Preloading 0 native plugins for Editor in 0.00 ms.
Mono: successfully reloaded assembly
- Completed reload, in  0.709 seconds
Domain Reload Profiling:
	ReloadAssembly (709ms)
		BeginReloadAssembly (60ms)
			ExecutionOrderSort (0ms)
			DisableScriptedObjects (0ms)
			BackupInstance (0ms)
			ReleaseScriptingObjects (0ms)
			CreateAndSetChildDomain (1ms)
		EndReloadAssembly (567ms)
			LoadAssemblies (58ms)
			RebuildTransferFunctionScriptingTraits (0ms)
			SetupTypeCache (158ms)
			ReleaseScriptCaches (0ms)
			RebuildScriptCaches (31ms)
			SetupLoadedEditorAssemblies (263ms)
				LogAssemblyErrors (0ms)
				InitializePlatformSupportModulesInManaged (6ms)
				SetLoadedEditorAssemblies (0ms)
				RefreshPlugins (117ms)
				BeforeProcessingInitializeOnLoad (17ms)
				ProcessInitializeOnLoadAttributes (88ms)
				ProcessInitializeOnLoadMethodAttributes (34ms)
				AfterProcessingInitializeOnLoad (0ms)
				EditorAssembliesLoaded (0ms)
			ExecutionOrderSort2 (0ms)
			AwakeInstancesAfterBackupRestoration (0ms)
Platform modules already initialized, skipping
Registering precompiled user dll's ...
Registered in 0.007194 seconds.
Begin MonoManager ReloadAssembly
Native extension for WindowsStandalone target not found
Native extension for WebGL target not found
Refreshing native plugins compatible for Editor in 118.25 ms, found 5 plugins.
Preloading 0 native plugins for Editor in 0.00 ms.
Mono: successfully reloaded assembly
- Completed reload, in  1.222 seconds
Domain Reload Profiling:
	ReloadAssembly (1223ms)
		BeginReloadAssembly (146ms)
			ExecutionOrderSort (0ms)
			DisableScriptedObjects (4ms)
			BackupInstance (0ms)
			ReleaseScriptingObjects (0ms)
			CreateAndSetChildDomain (20ms)
		EndReloadAssembly (1009ms)
			LoadAssemblies (94ms)
			RebuildTransferFunctionScriptingTraits (0ms)
			SetupTypeCache (309ms)
			ReleaseScriptCaches (0ms)
			RebuildScriptCaches (52ms)
			SetupLoadedEditorAssemblies (428ms)
				LogAssemblyErrors (0ms)
				InitializePlatformSupportModulesInManaged (4ms)
				SetLoadedEditorAssemblies (0ms)
				RefreshPlugins (118ms)
				BeforeProcessingInitializeOnLoad (89ms)
				ProcessInitializeOnLoadAttributes (201ms)
				ProcessInitializeOnLoadMethodAttributes (8ms)
				AfterProcessingInitializeOnLoad (7ms)
				EditorAssembliesLoaded (0ms)
			ExecutionOrderSort2 (0ms)
			AwakeInstancesAfterBackupRestoration (6ms)
Platform modules already initialized, skipping
========================================================================
Worker process is ready to serve import requests
Launched and connected shader compiler UnityShaderCompiler.exe after 0.08 seconds
Refreshing native plugins compatible for Editor in 1.37 ms, found 5 plugins.
Preloading 0 native plugins for Editor in 0.00 ms.
Unloading 2016 Unused Serialized files (Serialized files now loaded: 0)
System memory in use before: 96.3 MB.
System memory in use after: 96.4 MB.

Unloading 42 unused Assets to reduce memory usage. Loaded Objects now: 2435.
Total: 3.150000 ms (FindLiveObjects: 0.241400 ms CreateObjectMapping: 0.111300 ms MarkObjects: 2.723100 ms  DeleteObjects: 0.072800 ms)

AssetImportParameters requested are different than current active one (requested -> active):
  custom:framework-win-MediaFoundation: 216162199b28c13a410421893ffa2e32 -> 
  custom:video-decoder-ogg-theora: a1e56fd34408186e4bbccfd4996cb3dc -> 
  custom:container-muxer-webm: aa71ff27fc2769a1b78a27578f13a17b -> 
  custom:container-demuxer-webm: 4f35f7cbe854078d1ac9338744f61a02 -> 
  custom:container-demuxer-ogg: 62fdf1f143b41e24485cea50d1cbac27 -> 
  custom:video-encoder-webm-vp8: eb34c28f22e8b96e1ab97ce403110664 -> 
  custom:video-decoder-webm-vp8: 9c59270c3fd7afecdb556c50c9e8de78 -> 
  custom:audio-decoder-ogg-vorbis: bf7c407c2cedff20999df2af8eb42d56 -> 
  custom:audio-encoder-webm-vorbis: bf7c407c2cedff20999df2af8eb42d56 -> 
========================================================================
Received Import Request.
  path: Assets/polyperfect/Low Poly Animated People/- Models/Meshes/man-business.fbx
  artifactKey: Guid(6caaebd94a2ac44edbce191d0954d76f) Importer(815301076,1909f56bfc062723c751e8b465ee728b)
Start importing Assets/polyperfect/Low Poly Animated People/- Models/Meshes/man-business.fbx using Guid(6caaebd94a2ac44edbce191d0954d76f) Importer(815301076,1909f56bfc062723c751e8b465ee728b)  -> (artifact id: '188986f3c234135cac259ce728b8e1ef') in 0.200990 seconds 
  Import took 0.206288 seconds .

========================================================================
Received Import Request.
  Time since last request: 0.000321 seconds.
  path: Assets/polyperfect/Low Poly Animated People/- Models/Meshes/man-butler.fbx
  artifactKey: Guid(ce5f6818063f24c5e9508c1c54ba6d20) Importer(815301076,1909f56bfc062723c751e8b465ee728b)
Start importing Assets/polyperfect/Low Poly Animated People/- Models/Meshes/man-butler.fbx using Guid(ce5f6818063f24c5e9508c1c54ba6d20) Importer(815301076,1909f56bfc062723c751e8b465ee728b)  -> (artifact id: '67c289a498834d004d103565406819d1') in 0.026145 seconds 
  Import took 0.031311 seconds .

========================================================================
Received Import Request.
  Time since last request: 2.676340 seconds.
  path: Assets/polyperfect/Low Poly Animated People/- Models/Meshes/man-skate.fbx
  artifactKey: Guid(508e76a0f4b1449919bb8995487ae82c) Importer(815301076,1909f56bfc062723c751e8b465ee728b)
Start importing Assets/polyperfect/Low Poly Animated People/- Models/Meshes/man-skate.fbx using Guid(508e76a0f4b1449919bb8995487ae82c) Importer(815301076,1909f56bfc062723c751e8b465ee728b)  -> (artifact id: '987318be215fded09948c9e6372bc61b') in 0.025074 seconds 
  Import took 0.031001 seconds .

========================================================================
Received Import Request.
  Time since last request: 7.372808 seconds.
  path: Assets/polyperfect/Low Poly Animated People/- Models/Meshes/man-skate.fbx
  artifactKey: Guid(508e76a0f4b1449919bb8995487ae82c) Importer(815301076,1909f56bfc062723c751e8b465ee728b)
Start importing Assets/polyperfect/Low Poly Animated People/- Models/Meshes/man-skate.fbx using Guid(508e76a0f4b1449919bb8995487ae82c) Importer(815301076,1909f56bfc062723c751e8b465ee728b)  -> (artifact id: '3c7e9fb2819fc4185023c983dad778c5') in 0.016543 seconds 
  Import took 0.023685 seconds .

========================================================================
Received Import Request.
  Time since last request: 9.577431 seconds.
  path: Assets/polyperfect/Low Poly Animated People/- Models/Meshes/man-skate.fbx
  artifactKey: Guid(508e76a0f4b1449919bb8995487ae82c) Importer(815301076,1909f56bfc062723c751e8b465ee728b)
Start importing Assets/polyperfect/Low Poly Animated People/- Models/Meshes/man-skate.fbx using Guid(508e76a0f4b1449919bb8995487ae82c) Importer(815301076,1909f56bfc062723c751e8b465ee728b)  -> (artifact id: 'a4452752e2afc86ba872cd19821fca23') in 0.022727 seconds 
  Import took 0.028250 seconds .

========================================================================
Received Import Request.
  Time since last request: 7.623120 seconds.
  path: Assets/polyperfect/Low Poly Animated People/- Models/Meshes/man-skate.fbx
  artifactKey: Guid(508e76a0f4b1449919bb8995487ae82c) Importer(815301076,1909f56bfc062723c751e8b465ee728b)
Start importing Assets/polyperfect/Low Poly Animated People/- Models/Meshes/man-skate.fbx using Guid(508e76a0f4b1449919bb8995487ae82c) Importer(815301076,1909f56bfc062723c751e8b465ee728b)  -> (artifact id: '9d4d299aed440909706a1d341c71112b') in 0.018869 seconds 
  Import took 0.024122 seconds .

========================================================================
Received Import Request.
  Time since last request: 3.517660 seconds.
  path: Assets/polyperfect/Low Poly Animated People/- Models/Meshes/man-skate.fbx
  artifactKey: Guid(508e76a0f4b1449919bb8995487ae82c) Importer(815301076,1909f56bfc062723c751e8b465ee728b)
Start importing Assets/polyperfect/Low Poly Animated People/- Models/Meshes/man-skate.fbx using Guid(508e76a0f4b1449919bb8995487ae82c) Importer(815301076,1909f56bfc062723c751e8b465ee728b)  -> (artifact id: '4c6603692b83fbe41f08554b6dfcdee8') in 0.024939 seconds 
  Import took 0.030063 seconds .

========================================================================
Received Import Request.
  Time since last request: 2.355106 seconds.
  path: Assets/polyperfect/Low Poly Animated People/- Models/Meshes/man-skate.fbx
  artifactKey: Guid(508e76a0f4b1449919bb8995487ae82c) Importer(815301076,1909f56bfc062723c751e8b465ee728b)
Start importing Assets/polyperfect/Low Poly Animated People/- Models/Meshes/man-skate.fbx using Guid(508e76a0f4b1449919bb8995487ae82c) Importer(815301076,1909f56bfc062723c751e8b465ee728b)  -> (artifact id: '573c6e33e29aa6b9b37e2cd27c23ae16') in 0.033040 seconds 
  Import took 0.038768 seconds .

========================================================================
Received Import Request.
  Time since last request: 18.356142 seconds.
  path: Assets/polyperfect/Low Poly Animated People/- Models/Meshes/man-skate.fbx
  artifactKey: Guid(508e76a0f4b1449919bb8995487ae82c) Importer(815301076,1909f56bfc062723c751e8b465ee728b)
Start importing Assets/polyperfect/Low Poly Animated People/- Models/Meshes/man-skate.fbx using Guid(508e76a0f4b1449919bb8995487ae82c) Importer(815301076,1909f56bfc062723c751e8b465ee728b)  -> (artifact id: 'd0a1840aa72544c9b5d22525b00b6690') in 0.042119 seconds 
  Import took 0.047191 seconds .

========================================================================
Received Import Request.
  Time since last request: 5.444958 seconds.
  path: Assets/polyperfect/Low Poly Animated People/- Models/Meshes/man-skate.fbx
  artifactKey: Guid(508e76a0f4b1449919bb8995487ae82c) Importer(815301076,1909f56bfc062723c751e8b465ee728b)
Start importing Assets/polyperfect/Low Poly Animated People/- Models/Meshes/man-skate.fbx using Guid(508e76a0f4b1449919bb8995487ae82c) Importer(815301076,1909f56bfc062723c751e8b465ee728b)  -> (artifact id: '5d9da9414a2bfebc27dfab2035daef28') in 0.015526 seconds 
  Import took 0.021156 seconds .

========================================================================
Received Import Request.
  Time since last request: 4.316226 seconds.
  path: Assets/polyperfect/Low Poly Animated People/- Models/Meshes/man-skate.fbx
  artifactKey: Guid(508e76a0f4b1449919bb8995487ae82c) Importer(815301076,1909f56bfc062723c751e8b465ee728b)
Start importing Assets/polyperfect/Low Poly Animated People/- Models/Meshes/man-skate.fbx using Guid(508e76a0f4b1449919bb8995487ae82c) Importer(815301076,1909f56bfc062723c751e8b465ee728b)  -> (artifact id: '822ff4d29d529ea9d276ce9c45ad7c95') in 0.030667 seconds 
  Import took 0.035599 seconds .

========================================================================
Received Import Request.
  Time since last request: 2.113645 seconds.
  path: Assets/polyperfect/Low Poly Animated People/- Models/Meshes/man-skate.fbx
  artifactKey: Guid(508e76a0f4b1449919bb8995487ae82c) Importer(815301076,1909f56bfc062723c751e8b465ee728b)
Start importing Assets/polyperfect/Low Poly Animated People/- Models/Meshes/man-skate.fbx using Guid(508e76a0f4b1449919bb8995487ae82c) Importer(815301076,1909f56bfc062723c751e8b465ee728b)  -> (artifact id: '466890ceab45ee340ad3d7baf6fb5b30') in 0.029399 seconds 
  Import took 0.034234 seconds .

========================================================================
Received Import Request.
  Time since last request: 3.002689 seconds.
  path: Assets/polyperfect/Low Poly Animated People/- Models/Meshes/man-skate.fbx
  artifactKey: Guid(508e76a0f4b1449919bb8995487ae82c) Importer(815301076,1909f56bfc062723c751e8b465ee728b)
Start importing Assets/polyperfect/Low Poly Animated People/- Models/Meshes/man-skate.fbx using Guid(508e76a0f4b1449919bb8995487ae82c) Importer(815301076,1909f56bfc062723c751e8b465ee728b)  -> (artifact id: 'f1e3b1eef431fdc105a88af03f384c24') in 0.015527 seconds 
  Import took 0.021286 seconds .

========================================================================
Received Import Request.
  Time since last request: 2.189296 seconds.
  path: Assets/polyperfect/Low Poly Animated People/- Models/Meshes/man-skate.fbx
  artifactKey: Guid(508e76a0f4b1449919bb8995487ae82c) Importer(815301076,1909f56bfc062723c751e8b465ee728b)
Start importing Assets/polyperfect/Low Poly Animated People/- Models/Meshes/man-skate.fbx using Guid(508e76a0f4b1449919bb8995487ae82c) Importer(815301076,1909f56bfc062723c751e8b465ee728b)  -> (artifact id: '5ea2ec8463282259ef5b5b6db1989128') in 0.032304 seconds 
  Import took 0.037312 seconds .

========================================================================
Received Import Request.
  Time since last request: 12.379220 seconds.
  path: Assets/polyperfect/Low Poly Animated People/- Models/Meshes/man-skate.fbx
  artifactKey: Guid(508e76a0f4b1449919bb8995487ae82c) Importer(815301076,1909f56bfc062723c751e8b465ee728b)
Start importing Assets/polyperfect/Low Poly Animated People/- Models/Meshes/man-skate.fbx using Guid(508e76a0f4b1449919bb8995487ae82c) Importer(815301076,1909f56bfc062723c751e8b465ee728b)  -> (artifact id: '87e5677122d89e06935a0a36bfd96390') in 0.018586 seconds 
  Import took 0.024385 seconds .

========================================================================
Received Import Request.
  Time since last request: 4.168519 seconds.
  path: Assets/polyperfect/Low Poly Animated People/- Models/Meshes/man-skate.fbx
  artifactKey: Guid(508e76a0f4b1449919bb8995487ae82c) Importer(815301076,1909f56bfc062723c751e8b465ee728b)
Start importing Assets/polyperfect/Low Poly Animated People/- Models/Meshes/man-skate.fbx using Guid(508e76a0f4b1449919bb8995487ae82c) Importer(815301076,1909f56bfc062723c751e8b465ee728b)  -> (artifact id: '077d260dfa1ae366429bb62caee45227') in 0.034972 seconds 
  Import took 0.040011 seconds .

========================================================================
Received Import Request.
  Time since last request: 1.216744 seconds.
  path: Assets/polyperfect/Low Poly Animated People/- Models/Meshes/man-skate.fbx
  artifactKey: Guid(508e76a0f4b1449919bb8995487ae82c) Importer(815301076,1909f56bfc062723c751e8b465ee728b)
Start importing Assets/polyperfect/Low Poly Animated People/- Models/Meshes/man-skate.fbx using Guid(508e76a0f4b1449919bb8995487ae82c) Importer(815301076,1909f56bfc062723c751e8b465ee728b)  -> (artifact id: '3456349d6d62f6c348ab8a2f9e654ab9') in 0.030375 seconds 
  Import took 0.035236 seconds .

========================================================================
Received Import Request.
  Time since last request: 4.058450 seconds.
  path: Assets/polyperfect/Low Poly Animated People/- Models/Meshes/man-skate.fbx
  artifactKey: Guid(508e76a0f4b1449919bb8995487ae82c) Importer(815301076,1909f56bfc062723c751e8b465ee728b)
Start importing Assets/polyperfect/Low Poly Animated People/- Models/Meshes/man-skate.fbx using Guid(508e76a0f4b1449919bb8995487ae82c) Importer(815301076,1909f56bfc062723c751e8b465ee728b)  -> (artifact id: 'b1219a5043b6a28c5a6dc02be6b53c7e') in 0.017732 seconds 
  Import took 0.022736 seconds .

========================================================================
Received Import Request.
  Time since last request: 21.947750 seconds.
  path: Assets/polyperfect/Low Poly Animated People/- Models/Meshes/man-skate.fbx
  artifactKey: Guid(508e76a0f4b1449919bb8995487ae82c) Importer(815301076,1909f56bfc062723c751e8b465ee728b)
Start importing Assets/polyperfect/Low Poly Animated People/- Models/Meshes/man-skate.fbx using Guid(508e76a0f4b1449919bb8995487ae82c) Importer(815301076,1909f56bfc062723c751e8b465ee728b)  -> (artifact id: '247929dd7af6c2349fcd246793f7680f') in 0.020405 seconds 
  Import took 0.025252 seconds .

========================================================================
Received Prepare
Registering precompiled user dll's ...
Registered in 0.007985 seconds.
Begin MonoManager ReloadAssembly
Native extension for WindowsStandalone target not found
Native extension for WebGL target not found
Refreshing native plugins compatible for Editor in 1.40 ms, found 5 plugins.
Preloading 0 native plugins for Editor in 0.00 ms.
Mono: successfully reloaded assembly
- Completed reload, in  1.175 seconds
Domain Reload Profiling:
	ReloadAssembly (1175ms)
		BeginReloadAssembly (118ms)
			ExecutionOrderSort (0ms)
			DisableScriptedObjects (5ms)
			BackupInstance (0ms)
			ReleaseScriptingObjects (0ms)
			CreateAndSetChildDomain (34ms)
		EndReloadAssembly (983ms)
			LoadAssemblies (96ms)
			RebuildTransferFunctionScriptingTraits (0ms)
			SetupTypeCache (409ms)
			ReleaseScriptCaches (1ms)
			RebuildScriptCaches (45ms)
			SetupLoadedEditorAssemblies (317ms)
				LogAssemblyErrors (0ms)
				InitializePlatformSupportModulesInManaged (6ms)
				SetLoadedEditorAssemblies (0ms)
				RefreshPlugins (1ms)
				BeforeProcessingInitializeOnLoad (88ms)
				ProcessInitializeOnLoadAttributes (207ms)
				ProcessInitializeOnLoadMethodAttributes (8ms)
				AfterProcessingInitializeOnLoad (7ms)
				EditorAssembliesLoaded (0ms)
			ExecutionOrderSort2 (0ms)
			AwakeInstancesAfterBackupRestoration (7ms)
Platform modules already initialized, skipping
Switching build target platform(19) subTarget(0) extendedPlatform(0) -> platform(13) subTarget(537395200) extendedPlatform(0)
Refreshing native plugins compatible for Editor in 1.64 ms, found 5 plugins.
Preloading 0 native plugins for Editor in 0.00 ms.
Unloading 1986 Unused Serialized files (Serialized files now loaded: 0)
System memory in use before: 96.3 MB.
System memory in use after: 96.5 MB.

Unloading 38 unused Assets to reduce memory usage. Loaded Objects now: 2447.
Total: 4.555000 ms (FindLiveObjects: 0.329900 ms CreateObjectMapping: 0.100200 ms MarkObjects: 4.075500 ms  DeleteObjects: 0.047600 ms)

AssetImportParameters requested are different than current active one (requested -> active):
  custom:framework-win-MediaFoundation: 216162199b28c13a410421893ffa2e32 -> 
  custom:video-decoder-ogg-theora: a1e56fd34408186e4bbccfd4996cb3dc -> 
  custom:container-muxer-webm: aa71ff27fc2769a1b78a27578f13a17b -> 
  custom:container-demuxer-webm: 4f35f7cbe854078d1ac9338744f61a02 -> 
  custom:container-demuxer-ogg: 62fdf1f143b41e24485cea50d1cbac27 -> 
  custom:video-encoder-webm-vp8: eb34c28f22e8b96e1ab97ce403110664 -> 
  custom:video-decoder-webm-vp8: 9c59270c3fd7afecdb556c50c9e8de78 -> 
  custom:graphics/normal-map-encoding: 01000000000000000000000000000000 -> 02000000000000000000000000000000
  custom:audio-decoder-ogg-vorbis: bf7c407c2cedff20999df2af8eb42d56 -> 
  custom:audio-encoder-webm-vorbis: bf7c407c2cedff20999df2af8eb42d56 -> 
AssetImportWorkerClient::OnTransportError - code=2 error=End of file
